2018-12-31 10:39:44.492  INFO 9436 --- [main] com.infogain.app.ECommerceApplication    : Starting ECommerceApplication on HarshitSingh with PID 9436 (D:\workspae\E-Commerce\target\classes started by Harshit.Singh in D:\workspae\E-Commerce)
2018-12-31 10:39:44.500  INFO 9436 --- [main] com.infogain.app.ECommerceApplication    : No active profile set, falling back to default profiles: default
2018-12-31 10:39:44.548  INFO 9436 --- [main] ConfigServletWebServerApplicationContext : Refreshing org.springframework.boot.web.servlet.context.AnnotationConfigServletWebServerApplicationContext@7e0b85f9: startup date [Mon Dec 31 10:39:44 IST 2018]; root of context hierarchy
2018-12-31 10:39:45.805  INFO 9436 --- [main] trationDelegate$BeanPostProcessorChecker : Bean 'org.springframework.transaction.annotation.ProxyTransactionManagementConfiguration' of type [org.springframework.transaction.annotation.ProxyTransactionManagementConfiguration$$EnhancerBySpringCGLIB$$2994bde2] is not eligible for getting processed by all BeanPostProcessors (for example: not eligible for auto-proxying)
2018-12-31 10:39:46.219  INFO 9436 --- [main] o.s.b.w.embedded.tomcat.TomcatWebServer  : Tomcat initialized with port(s): 8083 (http)
2018-12-31 10:39:46.247  INFO 9436 --- [main] o.apache.catalina.core.StandardService   : Starting service [Tomcat]
2018-12-31 10:39:46.247  INFO 9436 --- [main] org.apache.catalina.core.StandardEngine  : Starting Servlet Engine: Apache Tomcat/8.5.34
2018-12-31 10:39:46.256  INFO 9436 --- [localhost-startStop-1] o.a.catalina.core.AprLifecycleListener   : The APR based Apache Tomcat Native library which allows optimal performance in production environments was not found on the java.library.path: [C:\Program Files\Java\jdk1.8.0_121\bin;C:\Windows\Sun\Java\bin;C:\Windows\system32;C:\Windows;C:/Program Files/Java/jdk1.8.0_121/bin/../jre/bin/server;C:/Program Files/Java/jdk1.8.0_121/bin/../jre/bin;C:/Program Files/Java/jdk1.8.0_121/bin/../jre/lib/amd64;C:\Users\harshit.singh\AppData\Roaming\npm;C:\Users\harshit.singh\AppData\Roaming\npm-cache;C:\Users\harshit.singh\AppData\Roaming\npm\node_modules\@angular\cli\bin;C:\Program Files\Common Files\Microsoft Shared\Windows Live;C:\Program Files (x86)\Common Files\Microsoft Shared\Windows Live;D:\app\app\oracle\product\10.2.0\server\bin;C:\Program Files (x86)\Intel\iCLS Client\;C:\Program Files\Intel\iCLS Client\;C:\Windows\system32;C:\Windows;C:\Windows\System32\Wbem;C:\Windows\System32\WindowsPowerShell\v1.0\;C:\Program Files\Intel\Intel(R) Management Engine Components\DAL;C:\Program Files (x86)\Intel\Intel(R) Management Engine Components\DAL;C:\Program Files\Intel\Intel(R) Management Engine Components\IPT;C:\Program Files (x86)\Intel\Intel(R) Management Engine Components\IPT;C:\Program Files\TortoiseSVN\bin;C:\Program Files (x86)\Skype\Phone\;C:\Program Files\Java\jdk1.8.0_121\bin;C:\Program Files (x86)\Microsoft SQL Server\100\Tools\Binn\;C:\Program Files (x86)\Microsoft SQL Server\100\DTS\Binn\;C:\Program Files (x86)\Microsoft SQL Server\100\Tools\Binn\VSShell\Common7\IDE\;C:\Program Files (x86)\Microsoft Visual Studio 9.0\Common7\IDE\PrivateAssemblies\;C:\Program Files (x86)\Windows Live\Shared;C:\Program Files\Microsoft\Web Platform Installer\;C:\Program Files (x86)\Microsoft ASP.NET\ASP.NET Web Pages\v1.0\;C:\Program Files\Microsoft SQL Server\110\Tools\Binn\;C:\Windows\system32\config\systemprofile\.dnx\bin;C:\Program Files\Microsoft DNX\Dnvm\;C:\Program Files\Microsoft SQL Server\130\Tools\Binn\;c:\Program Files (x86)\ATI Technologies\ATI.ACE\Core-Static;C:\Program Files\Git\cmd;D:\Softwraes\Apache Software Foundation\Maven-3.3.9\bin;C:\Program Files\nodejs\;C:\Users\harshit.singh\sts-bundle\sts-3.8.3.RELEASE;;.]
2018-12-31 10:39:46.521  INFO 9436 --- [localhost-startStop-1] o.a.c.c.C.[Tomcat].[localhost].[/]       : Initializing Spring embedded WebApplicationContext
2018-12-31 10:39:46.522  INFO 9436 --- [localhost-startStop-1] o.s.web.context.ContextLoader            : Root WebApplicationContext: initialization completed in 1975 ms
2018-12-31 10:39:46.579  INFO 9436 --- [localhost-startStop-1] o.s.b.w.servlet.ServletRegistrationBean  : Servlet dispatcherServlet mapped to [/]
2018-12-31 10:39:46.582  INFO 9436 --- [localhost-startStop-1] o.s.b.w.servlet.FilterRegistrationBean   : Mapping filter: 'characterEncodingFilter' to: [/*]
2018-12-31 10:39:46.583  INFO 9436 --- [localhost-startStop-1] o.s.b.w.servlet.FilterRegistrationBean   : Mapping filter: 'hiddenHttpMethodFilter' to: [/*]
2018-12-31 10:39:46.583  INFO 9436 --- [localhost-startStop-1] o.s.b.w.servlet.FilterRegistrationBean   : Mapping filter: 'httpPutFormContentFilter' to: [/*]
2018-12-31 10:39:46.583  INFO 9436 --- [localhost-startStop-1] o.s.b.w.servlet.FilterRegistrationBean   : Mapping filter: 'requestContextFilter' to: [/*]
2018-12-31 10:39:46.725  INFO 9436 --- [main] com.zaxxer.hikari.HikariDataSource       : HikariPool-1 - Starting...
2018-12-31 10:39:46.960  INFO 9436 --- [main] com.zaxxer.hikari.HikariDataSource       : HikariPool-1 - Start completed.
2018-12-31 10:39:46.998  INFO 9436 --- [main] j.LocalContainerEntityManagerFactoryBean : Building JPA container EntityManagerFactory for persistence unit 'default'
2018-12-31 10:39:47.014  INFO 9436 --- [main] o.hibernate.jpa.internal.util.LogHelper  : HHH000204: Processing PersistenceUnitInfo [
	name: default
	...]
2018-12-31 10:39:47.085  INFO 9436 --- [main] org.hibernate.Version                    : HHH000412: Hibernate Core {5.2.17.Final}
2018-12-31 10:39:47.087  INFO 9436 --- [main] org.hibernate.cfg.Environment            : HHH000206: hibernate.properties not found
2018-12-31 10:39:47.133  INFO 9436 --- [main] o.hibernate.annotations.common.Version   : HCANN000001: Hibernate Commons Annotations {5.0.1.Final}
2018-12-31 10:39:47.334  INFO 9436 --- [main] org.hibernate.dialect.Dialect            : HHH000400: Using dialect: org.hibernate.dialect.MySQL5Dialect
2018-12-31 10:39:48.835  INFO 9436 --- [main] j.LocalContainerEntityManagerFactoryBean : Initialized JPA EntityManagerFactory for persistence unit 'default'
2018-12-31 10:39:49.373  INFO 9436 --- [main] o.s.w.s.handler.SimpleUrlHandlerMapping  : Mapped URL path [/**/favicon.ico] onto handler of type [class org.springframework.web.servlet.resource.ResourceHttpRequestHandler]
2018-12-31 10:39:49.573  INFO 9436 --- [main] s.w.s.m.m.a.RequestMappingHandlerAdapter : Looking for @ControllerAdvice: org.springframework.boot.web.servlet.context.AnnotationConfigServletWebServerApplicationContext@7e0b85f9: startup date [Mon Dec 31 10:39:44 IST 2018]; root of context hierarchy
2018-12-31 10:39:49.616  WARN 9436 --- [main] aWebConfiguration$JpaWebMvcConfiguration : spring.jpa.open-in-view is enabled by default. Therefore, database queries may be performed during view rendering. Explicitly configure spring.jpa.open-in-view to disable this warning
2018-12-31 10:39:49.675  INFO 9436 --- [main] s.w.s.m.m.a.RequestMappingHandlerMapping : Mapped "{[/api/brand],methods=[PUT]}" onto public com.infogain.app.dto.BrandDto com.infogain.app.controller.BrandController.update(com.infogain.app.dto.BrandDto) throws com.infogain.app.exception.InvalidInputException
2018-12-31 10:39:49.676  INFO 9436 --- [main] s.w.s.m.m.a.RequestMappingHandlerMapping : Mapped "{[/api/brand/{id}],methods=[DELETE]}" onto public void com.infogain.app.controller.BrandController.delete(java.lang.Integer)
2018-12-31 10:39:49.677  INFO 9436 --- [main] s.w.s.m.m.a.RequestMappingHandlerMapping : Mapped "{[/api/brand],methods=[POST]}" onto public com.infogain.app.dto.BrandDto com.infogain.app.controller.BrandController.insert(com.infogain.app.dto.BrandDto) throws com.infogain.app.exception.InvalidInputException
2018-12-31 10:39:49.677  INFO 9436 --- [main] s.w.s.m.m.a.RequestMappingHandlerMapping : Mapped "{[/api/brand/{id}],methods=[GET]}" onto public com.infogain.app.dto.BrandDto com.infogain.app.controller.BrandController.displayById(java.lang.Integer)
2018-12-31 10:39:49.677  INFO 9436 --- [main] s.w.s.m.m.a.RequestMappingHandlerMapping : Mapped "{[/api/brand],methods=[GET]}" onto public java.util.List<com.infogain.app.dto.BrandDto> com.infogain.app.controller.BrandController.displayAll(com.infogain.app.dto.BrandDto)
2018-12-31 10:39:49.681  INFO 9436 --- [main] s.w.s.m.m.a.RequestMappingHandlerMapping : Mapped "{[/api/category],methods=[POST]}" onto public com.infogain.app.dto.CategoryDto com.infogain.app.controller.CategoryController.insert(com.infogain.app.dto.CategoryDto) throws com.infogain.app.exception.InvalidInputException
2018-12-31 10:39:49.682  INFO 9436 --- [main] s.w.s.m.m.a.RequestMappingHandlerMapping : Mapped "{[/api/category/{id}],methods=[GET]}" onto public com.infogain.app.dto.CategoryDto com.infogain.app.controller.CategoryController.displayById(java.lang.Integer)
2018-12-31 10:39:49.682  INFO 9436 --- [main] s.w.s.m.m.a.RequestMappingHandlerMapping : Mapped "{[/api/category],methods=[GET]}" onto public java.util.List<com.infogain.app.dto.CategoryDto> com.infogain.app.controller.CategoryController.displayAll(com.infogain.app.dto.CategoryDto)
2018-12-31 10:39:49.682  INFO 9436 --- [main] s.w.s.m.m.a.RequestMappingHandlerMapping : Mapped "{[/api/category],methods=[PUT]}" onto public com.infogain.app.dto.CategoryDto com.infogain.app.controller.CategoryController.updateCategory(com.infogain.app.dto.CategoryDto) throws com.infogain.app.exception.InvalidInputException
2018-12-31 10:39:49.683  INFO 9436 --- [main] s.w.s.m.m.a.RequestMappingHandlerMapping : Mapped "{[/api/category/{id}],methods=[DELETE]}" onto public void com.infogain.app.controller.CategoryController.deleteCategory(java.lang.Integer)
2018-12-31 10:39:49.695  INFO 9436 --- [main] s.w.s.m.m.a.RequestMappingHandlerMapping : Mapped "{[/api/product],methods=[PUT]}" onto public com.infogain.app.dto.ProductDto com.infogain.app.controller.ProductController.update(com.infogain.app.dto.ProductDto) throws com.infogain.app.exception.InvalidInputException
2018-12-31 10:39:49.696  INFO 9436 --- [main] s.w.s.m.m.a.RequestMappingHandlerMapping : Mapped "{[/api/product/{id}],methods=[DELETE]}" onto public void com.infogain.app.controller.ProductController.delete(java.lang.Integer)
2018-12-31 10:39:49.696  INFO 9436 --- [main] s.w.s.m.m.a.RequestMappingHandlerMapping : Mapped "{[/api/product],methods=[POST]}" onto public com.infogain.app.dto.ProductDto com.infogain.app.controller.ProductController.insert(com.infogain.app.dto.ProductDto) throws com.infogain.app.exception.InvalidInputException
2018-12-31 10:39:49.696  INFO 9436 --- [main] s.w.s.m.m.a.RequestMappingHandlerMapping : Mapped "{[/api/product/{id}],methods=[GET]}" onto public com.infogain.app.dto.ProductDto com.infogain.app.controller.ProductController.displayById(java.lang.Integer)
2018-12-31 10:39:49.696  INFO 9436 --- [main] s.w.s.m.m.a.RequestMappingHandlerMapping : Mapped "{[/api/product],methods=[GET]}" onto public java.util.List<com.infogain.app.dto.ProductDto> com.infogain.app.controller.ProductController.displayAll(com.infogain.app.dto.ProductDto)
2018-12-31 10:39:49.700  INFO 9436 --- [main] s.w.s.m.m.a.RequestMappingHandlerMapping : Mapped "{[/api/store],methods=[POST]}" onto public com.infogain.app.dto.StoreDto com.infogain.app.controller.StoreController.insertStore(com.infogain.app.dto.StoreDto) throws com.infogain.app.exception.InvalidInputException,com.infogain.app.exception.CustomException
2018-12-31 10:39:49.700  INFO 9436 --- [main] s.w.s.m.m.a.RequestMappingHandlerMapping : Mapped "{[/api/store],methods=[GET]}" onto public java.util.List<com.infogain.app.dto.StoreDto> com.infogain.app.controller.StoreController.displayAllStores(com.infogain.app.dto.StoreDto)
2018-12-31 10:39:49.701  INFO 9436 --- [main] s.w.s.m.m.a.RequestMappingHandlerMapping : Mapped "{[/api/store/{id}],methods=[GET]}" onto public com.infogain.app.dto.StoreDto com.infogain.app.controller.StoreController.displayStoreById(java.lang.Integer)
2018-12-31 10:39:49.701  INFO 9436 --- [main] s.w.s.m.m.a.RequestMappingHandlerMapping : Mapped "{[/api/store],methods=[PUT]}" onto public com.infogain.app.dto.StoreDto com.infogain.app.controller.StoreController.updateStore(com.infogain.app.dto.StoreDto) throws com.infogain.app.exception.InvalidInputException
2018-12-31 10:39:49.701  INFO 9436 --- [main] s.w.s.m.m.a.RequestMappingHandlerMapping : Mapped "{[/api/store/{id}],methods=[DELETE]}" onto public void com.infogain.app.controller.StoreController.deleteStore(java.lang.Integer)
2018-12-31 10:39:49.703  INFO 9436 --- [main] s.w.s.m.m.a.RequestMappingHandlerMapping : Mapped "{[/api/user],methods=[PUT]}" onto public com.infogain.app.dto.UserDto com.infogain.app.controller.UserController.update(com.infogain.app.dto.UserDto,java.lang.String,java.lang.String) throws com.infogain.app.exception.CustomException
2018-12-31 10:39:49.703  INFO 9436 --- [main] s.w.s.m.m.a.RequestMappingHandlerMapping : Mapped "{[/api/user/{id}],methods=[DELETE]}" onto public java.lang.String com.infogain.app.controller.UserController.delete(java.lang.Integer)
2018-12-31 10:39:49.704  INFO 9436 --- [main] s.w.s.m.m.a.RequestMappingHandlerMapping : Mapped "{[/api/user],methods=[POST]}" onto public com.infogain.app.dto.UserDto com.infogain.app.controller.UserController.insert(com.infogain.app.dto.UserDto) throws com.infogain.app.exception.InvalidInputException,com.infogain.app.exception.CustomException
2018-12-31 10:39:49.704  INFO 9436 --- [main] s.w.s.m.m.a.RequestMappingHandlerMapping : Mapped "{[/api/user],methods=[GET]}" onto public java.util.List<com.infogain.app.dto.UserDto> com.infogain.app.controller.UserController.getAll()
2018-12-31 10:39:49.704  INFO 9436 --- [main] s.w.s.m.m.a.RequestMappingHandlerMapping : Mapped "{[/api/userActive/{id}],methods=[GET]}" onto public java.lang.String com.infogain.app.controller.UserController.activeUser(java.lang.Integer)
2018-12-31 10:39:49.704  INFO 9436 --- [main] s.w.s.m.m.a.RequestMappingHandlerMapping : Mapped "{[/api/user/{id}],methods=[GET]}" onto public com.infogain.app.dto.UserDto com.infogain.app.controller.UserController.getById(java.lang.Integer,java.lang.String,java.lang.String) throws com.infogain.app.exception.CustomException
2018-12-31 10:39:49.707  INFO 9436 --- [main] s.w.s.m.m.a.RequestMappingHandlerMapping : Mapped "{[/error]}" onto public org.springframework.http.ResponseEntity<java.util.Map<java.lang.String, java.lang.Object>> org.springframework.boot.autoconfigure.web.servlet.error.BasicErrorController.error(javax.servlet.http.HttpServletRequest)
2018-12-31 10:39:49.708  INFO 9436 --- [main] s.w.s.m.m.a.RequestMappingHandlerMapping : Mapped "{[/error],produces=[text/html]}" onto public org.springframework.web.servlet.ModelAndView org.springframework.boot.autoconfigure.web.servlet.error.BasicErrorController.errorHtml(javax.servlet.http.HttpServletRequest,javax.servlet.http.HttpServletResponse)
2018-12-31 10:39:49.739  INFO 9436 --- [main] o.s.w.s.handler.SimpleUrlHandlerMapping  : Mapped URL path [/webjars/**] onto handler of type [class org.springframework.web.servlet.resource.ResourceHttpRequestHandler]
2018-12-31 10:39:49.739  INFO 9436 --- [main] o.s.w.s.handler.SimpleUrlHandlerMapping  : Mapped URL path [/**] onto handler of type [class org.springframework.web.servlet.resource.ResourceHttpRequestHandler]
2018-12-31 10:39:49.755  INFO 9436 --- [main] .m.m.a.ExceptionHandlerExceptionResolver : Detected @ExceptionHandler methods in globalControllerExceptionHandler
2018-12-31 10:39:50.036  INFO 9436 --- [main] o.s.j.e.a.AnnotationMBeanExporter        : Registering beans for JMX exposure on startup
2018-12-31 10:39:50.039  INFO 9436 --- [main] o.s.j.e.a.AnnotationMBeanExporter        : Bean with name 'dataSource' has been autodetected for JMX exposure
2018-12-31 10:39:50.045  INFO 9436 --- [main] o.s.j.e.a.AnnotationMBeanExporter        : Located MBean 'dataSource': registering with JMX server as MBean [com.zaxxer.hikari:name=dataSource,type=HikariDataSource]
2018-12-31 10:39:50.085  INFO 9436 --- [main] o.s.b.w.embedded.tomcat.TomcatWebServer  : Tomcat started on port(s): 8083 (http) with context path ''
2018-12-31 10:39:50.088  INFO 9436 --- [main] com.infogain.app.ECommerceApplication    : Started ECommerceApplication in 6.009 seconds (JVM running for 6.755)
2018-12-31 10:41:01.100  INFO 9436 --- [http-nio-8083-exec-2] o.a.c.c.C.[Tomcat].[localhost].[/]       : Initializing Spring FrameworkServlet 'dispatcherServlet'
2018-12-31 10:41:01.101  INFO 9436 --- [http-nio-8083-exec-2] o.s.web.servlet.DispatcherServlet        : FrameworkServlet 'dispatcherServlet': initialization started
2018-12-31 10:41:01.122  INFO 9436 --- [http-nio-8083-exec-2] o.s.web.servlet.DispatcherServlet        : FrameworkServlet 'dispatcherServlet': initialization completed in 21 ms
2018-12-31 10:41:01.176  INFO 9436 --- [http-nio-8083-exec-2] o.h.h.i.QueryTranslatorFactoryInitiator  : HHH000397: Using ASTQueryTranslatorFactory
2018-12-31 10:41:01.448  INFO 9436 --- [http-nio-8083-exec-2] c.infogain.app.service.UserServiceImpl   : display>>>>>>>>>>>>
2018-12-31 10:41:01.448  INFO 9436 --- [http-nio-8083-exec-2] c.infogain.app.service.UserServiceImpl   : display>>>>>>>>>>>>
2018-12-31 10:41:01.448  INFO 9436 --- [http-nio-8083-exec-2] c.infogain.app.service.UserServiceImpl   : display>>>>>>>>>>>>
2018-12-31 10:41:01.448  INFO 9436 --- [http-nio-8083-exec-2] c.infogain.app.service.UserServiceImpl   : display>>>>>>>>>>>>
2018-12-31 10:41:01.448  INFO 9436 --- [http-nio-8083-exec-2] c.infogain.app.service.UserServiceImpl   : display>>>>>>>>>>>>
2018-12-31 10:41:01.448  INFO 9436 --- [http-nio-8083-exec-2] c.infogain.app.service.UserServiceImpl   : display>>>>>>>>>>>>
2018-12-31 10:41:01.448  INFO 9436 --- [http-nio-8083-exec-2] c.infogain.app.service.UserServiceImpl   : display>>>>>>>>>>>>
2018-12-31 10:45:00.197  INFO 9672 --- [main] com.infogain.app.ECommerceApplication    : Starting ECommerceApplication on HarshitSingh with PID 9672 (D:\workspae\E-Commerce\target\classes started by Harshit.Singh in D:\workspae\E-Commerce)
2018-12-31 10:45:00.200  INFO 9672 --- [main] com.infogain.app.ECommerceApplication    : No active profile set, falling back to default profiles: default
2018-12-31 10:45:00.254  INFO 9672 --- [main] ConfigServletWebServerApplicationContext : Refreshing org.springframework.boot.web.servlet.context.AnnotationConfigServletWebServerApplicationContext@1ddf84b8: startup date [Mon Dec 31 10:45:00 IST 2018]; root of context hierarchy
2018-12-31 10:45:01.514  INFO 9672 --- [main] trationDelegate$BeanPostProcessorChecker : Bean 'org.springframework.transaction.annotation.ProxyTransactionManagementConfiguration' of type [org.springframework.transaction.annotation.ProxyTransactionManagementConfiguration$$EnhancerBySpringCGLIB$$a1fa13ed] is not eligible for getting processed by all BeanPostProcessors (for example: not eligible for auto-proxying)
2018-12-31 10:45:01.920  INFO 9672 --- [main] o.s.b.w.embedded.tomcat.TomcatWebServer  : Tomcat initialized with port(s): 8083 (http)
2018-12-31 10:45:01.947  INFO 9672 --- [main] o.apache.catalina.core.StandardService   : Starting service [Tomcat]
2018-12-31 10:45:01.947  INFO 9672 --- [main] org.apache.catalina.core.StandardEngine  : Starting Servlet Engine: Apache Tomcat/8.5.34
2018-12-31 10:45:01.956  INFO 9672 --- [localhost-startStop-1] o.a.catalina.core.AprLifecycleListener   : The APR based Apache Tomcat Native library which allows optimal performance in production environments was not found on the java.library.path: [C:\Program Files\Java\jdk1.8.0_121\bin;C:\Windows\Sun\Java\bin;C:\Windows\system32;C:\Windows;C:/Program Files/Java/jdk1.8.0_121/bin/../jre/bin/server;C:/Program Files/Java/jdk1.8.0_121/bin/../jre/bin;C:/Program Files/Java/jdk1.8.0_121/bin/../jre/lib/amd64;C:\Users\harshit.singh\AppData\Roaming\npm;C:\Users\harshit.singh\AppData\Roaming\npm-cache;C:\Users\harshit.singh\AppData\Roaming\npm\node_modules\@angular\cli\bin;C:\Program Files\Common Files\Microsoft Shared\Windows Live;C:\Program Files (x86)\Common Files\Microsoft Shared\Windows Live;D:\app\app\oracle\product\10.2.0\server\bin;C:\Program Files (x86)\Intel\iCLS Client\;C:\Program Files\Intel\iCLS Client\;C:\Windows\system32;C:\Windows;C:\Windows\System32\Wbem;C:\Windows\System32\WindowsPowerShell\v1.0\;C:\Program Files\Intel\Intel(R) Management Engine Components\DAL;C:\Program Files (x86)\Intel\Intel(R) Management Engine Components\DAL;C:\Program Files\Intel\Intel(R) Management Engine Components\IPT;C:\Program Files (x86)\Intel\Intel(R) Management Engine Components\IPT;C:\Program Files\TortoiseSVN\bin;C:\Program Files (x86)\Skype\Phone\;C:\Program Files\Java\jdk1.8.0_121\bin;C:\Program Files (x86)\Microsoft SQL Server\100\Tools\Binn\;C:\Program Files (x86)\Microsoft SQL Server\100\DTS\Binn\;C:\Program Files (x86)\Microsoft SQL Server\100\Tools\Binn\VSShell\Common7\IDE\;C:\Program Files (x86)\Microsoft Visual Studio 9.0\Common7\IDE\PrivateAssemblies\;C:\Program Files (x86)\Windows Live\Shared;C:\Program Files\Microsoft\Web Platform Installer\;C:\Program Files (x86)\Microsoft ASP.NET\ASP.NET Web Pages\v1.0\;C:\Program Files\Microsoft SQL Server\110\Tools\Binn\;C:\Windows\system32\config\systemprofile\.dnx\bin;C:\Program Files\Microsoft DNX\Dnvm\;C:\Program Files\Microsoft SQL Server\130\Tools\Binn\;c:\Program Files (x86)\ATI Technologies\ATI.ACE\Core-Static;C:\Program Files\Git\cmd;D:\Softwraes\Apache Software Foundation\Maven-3.3.9\bin;C:\Program Files\nodejs\;C:\Users\harshit.singh\sts-bundle\sts-3.8.3.RELEASE;;.]
2018-12-31 10:45:02.170  INFO 9672 --- [localhost-startStop-1] o.a.c.c.C.[Tomcat].[localhost].[/]       : Initializing Spring embedded WebApplicationContext
2018-12-31 10:45:02.170  INFO 9672 --- [localhost-startStop-1] o.s.web.context.ContextLoader            : Root WebApplicationContext: initialization completed in 1916 ms
2018-12-31 10:45:02.235  INFO 9672 --- [localhost-startStop-1] o.s.b.w.servlet.ServletRegistrationBean  : Servlet dispatcherServlet mapped to [/]
2018-12-31 10:45:02.238  INFO 9672 --- [localhost-startStop-1] o.s.b.w.servlet.FilterRegistrationBean   : Mapping filter: 'characterEncodingFilter' to: [/*]
2018-12-31 10:45:02.239  INFO 9672 --- [localhost-startStop-1] o.s.b.w.servlet.FilterRegistrationBean   : Mapping filter: 'hiddenHttpMethodFilter' to: [/*]
2018-12-31 10:45:02.239  INFO 9672 --- [localhost-startStop-1] o.s.b.w.servlet.FilterRegistrationBean   : Mapping filter: 'httpPutFormContentFilter' to: [/*]
2018-12-31 10:45:02.239  INFO 9672 --- [localhost-startStop-1] o.s.b.w.servlet.FilterRegistrationBean   : Mapping filter: 'requestContextFilter' to: [/*]
2018-12-31 10:45:02.407  INFO 9672 --- [main] com.zaxxer.hikari.HikariDataSource       : HikariPool-1 - Starting...
2018-12-31 10:45:02.623  INFO 9672 --- [main] com.zaxxer.hikari.HikariDataSource       : HikariPool-1 - Start completed.
2018-12-31 10:45:02.659  INFO 9672 --- [main] j.LocalContainerEntityManagerFactoryBean : Building JPA container EntityManagerFactory for persistence unit 'default'
2018-12-31 10:45:02.675  INFO 9672 --- [main] o.hibernate.jpa.internal.util.LogHelper  : HHH000204: Processing PersistenceUnitInfo [
	name: default
	...]
2018-12-31 10:45:02.747  INFO 9672 --- [main] org.hibernate.Version                    : HHH000412: Hibernate Core {5.2.17.Final}
2018-12-31 10:45:02.749  INFO 9672 --- [main] org.hibernate.cfg.Environment            : HHH000206: hibernate.properties not found
2018-12-31 10:45:02.805  INFO 9672 --- [main] o.hibernate.annotations.common.Version   : HCANN000001: Hibernate Commons Annotations {5.0.1.Final}
2018-12-31 10:45:02.933  INFO 9672 --- [main] org.hibernate.dialect.Dialect            : HHH000400: Using dialect: org.hibernate.dialect.MySQL5Dialect
2018-12-31 10:45:03.951  INFO 9672 --- [main] j.LocalContainerEntityManagerFactoryBean : Initialized JPA EntityManagerFactory for persistence unit 'default'
2018-12-31 10:45:04.500  INFO 9672 --- [main] o.s.w.s.handler.SimpleUrlHandlerMapping  : Mapped URL path [/**/favicon.ico] onto handler of type [class org.springframework.web.servlet.resource.ResourceHttpRequestHandler]
2018-12-31 10:45:04.720  INFO 9672 --- [main] s.w.s.m.m.a.RequestMappingHandlerAdapter : Looking for @ControllerAdvice: org.springframework.boot.web.servlet.context.AnnotationConfigServletWebServerApplicationContext@1ddf84b8: startup date [Mon Dec 31 10:45:00 IST 2018]; root of context hierarchy
2018-12-31 10:45:04.782  WARN 9672 --- [main] aWebConfiguration$JpaWebMvcConfiguration : spring.jpa.open-in-view is enabled by default. Therefore, database queries may be performed during view rendering. Explicitly configure spring.jpa.open-in-view to disable this warning
2018-12-31 10:45:04.841  INFO 9672 --- [main] s.w.s.m.m.a.RequestMappingHandlerMapping : Mapped "{[/api/brand],methods=[PUT]}" onto public com.infogain.app.dto.BrandDto com.infogain.app.controller.BrandController.update(com.infogain.app.dto.BrandDto) throws com.infogain.app.exception.InvalidInputException
2018-12-31 10:45:04.842  INFO 9672 --- [main] s.w.s.m.m.a.RequestMappingHandlerMapping : Mapped "{[/api/brand/{id}],methods=[DELETE]}" onto public void com.infogain.app.controller.BrandController.delete(java.lang.Integer)
2018-12-31 10:45:04.843  INFO 9672 --- [main] s.w.s.m.m.a.RequestMappingHandlerMapping : Mapped "{[/api/brand],methods=[POST]}" onto public com.infogain.app.dto.BrandDto com.infogain.app.controller.BrandController.insert(com.infogain.app.dto.BrandDto) throws com.infogain.app.exception.InvalidInputException
2018-12-31 10:45:04.843  INFO 9672 --- [main] s.w.s.m.m.a.RequestMappingHandlerMapping : Mapped "{[/api/brand],methods=[GET]}" onto public java.util.List<com.infogain.app.dto.BrandDto> com.infogain.app.controller.BrandController.displayAll(com.infogain.app.dto.BrandDto)
2018-12-31 10:45:04.843  INFO 9672 --- [main] s.w.s.m.m.a.RequestMappingHandlerMapping : Mapped "{[/api/brand/{id}],methods=[GET]}" onto public com.infogain.app.dto.BrandDto com.infogain.app.controller.BrandController.displayById(java.lang.Integer)
2018-12-31 10:45:04.846  INFO 9672 --- [main] s.w.s.m.m.a.RequestMappingHandlerMapping : Mapped "{[/api/category],methods=[POST]}" onto public com.infogain.app.dto.CategoryDto com.infogain.app.controller.CategoryController.insert(com.infogain.app.dto.CategoryDto) throws com.infogain.app.exception.InvalidInputException
2018-12-31 10:45:04.846  INFO 9672 --- [main] s.w.s.m.m.a.RequestMappingHandlerMapping : Mapped "{[/api/category],methods=[GET]}" onto public java.util.List<com.infogain.app.dto.CategoryDto> com.infogain.app.controller.CategoryController.displayAll(com.infogain.app.dto.CategoryDto)
2018-12-31 10:45:04.846  INFO 9672 --- [main] s.w.s.m.m.a.RequestMappingHandlerMapping : Mapped "{[/api/category/{id}],methods=[GET]}" onto public com.infogain.app.dto.CategoryDto com.infogain.app.controller.CategoryController.displayById(java.lang.Integer)
2018-12-31 10:45:04.847  INFO 9672 --- [main] s.w.s.m.m.a.RequestMappingHandlerMapping : Mapped "{[/api/category],methods=[PUT]}" onto public com.infogain.app.dto.CategoryDto com.infogain.app.controller.CategoryController.updateCategory(com.infogain.app.dto.CategoryDto) throws com.infogain.app.exception.InvalidInputException
2018-12-31 10:45:04.847  INFO 9672 --- [main] s.w.s.m.m.a.RequestMappingHandlerMapping : Mapped "{[/api/category/{id}],methods=[DELETE]}" onto public void com.infogain.app.controller.CategoryController.deleteCategory(java.lang.Integer)
2018-12-31 10:45:04.849  INFO 9672 --- [main] s.w.s.m.m.a.RequestMappingHandlerMapping : Mapped "{[/api/product],methods=[PUT]}" onto public com.infogain.app.dto.ProductDto com.infogain.app.controller.ProductController.update(com.infogain.app.dto.ProductDto) throws com.infogain.app.exception.InvalidInputException
2018-12-31 10:45:04.849  INFO 9672 --- [main] s.w.s.m.m.a.RequestMappingHandlerMapping : Mapped "{[/api/product/{id}],methods=[DELETE]}" onto public void com.infogain.app.controller.ProductController.delete(java.lang.Integer)
2018-12-31 10:45:04.849  INFO 9672 --- [main] s.w.s.m.m.a.RequestMappingHandlerMapping : Mapped "{[/api/product],methods=[POST]}" onto public com.infogain.app.dto.ProductDto com.infogain.app.controller.ProductController.insert(com.infogain.app.dto.ProductDto) throws com.infogain.app.exception.InvalidInputException
2018-12-31 10:45:04.850  INFO 9672 --- [main] s.w.s.m.m.a.RequestMappingHandlerMapping : Mapped "{[/api/product],methods=[GET]}" onto public java.util.List<com.infogain.app.dto.ProductDto> com.infogain.app.controller.ProductController.displayAll(com.infogain.app.dto.ProductDto)
2018-12-31 10:45:04.850  INFO 9672 --- [main] s.w.s.m.m.a.RequestMappingHandlerMapping : Mapped "{[/api/product/{id}],methods=[GET]}" onto public com.infogain.app.dto.ProductDto com.infogain.app.controller.ProductController.displayById(java.lang.Integer)
2018-12-31 10:45:04.853  INFO 9672 --- [main] s.w.s.m.m.a.RequestMappingHandlerMapping : Mapped "{[/api/store],methods=[POST]}" onto public com.infogain.app.dto.StoreDto com.infogain.app.controller.StoreController.insertStore(com.infogain.app.dto.StoreDto) throws com.infogain.app.exception.InvalidInputException,com.infogain.app.exception.CustomException
2018-12-31 10:45:04.853  INFO 9672 --- [main] s.w.s.m.m.a.RequestMappingHandlerMapping : Mapped "{[/api/store],methods=[GET]}" onto public java.util.List<com.infogain.app.dto.StoreDto> com.infogain.app.controller.StoreController.displayAllStores(com.infogain.app.dto.StoreDto)
2018-12-31 10:45:04.853  INFO 9672 --- [main] s.w.s.m.m.a.RequestMappingHandlerMapping : Mapped "{[/api/store/{id}],methods=[GET]}" onto public com.infogain.app.dto.StoreDto com.infogain.app.controller.StoreController.displayStoreById(java.lang.Integer)
2018-12-31 10:45:04.854  INFO 9672 --- [main] s.w.s.m.m.a.RequestMappingHandlerMapping : Mapped "{[/api/store],methods=[PUT]}" onto public com.infogain.app.dto.StoreDto com.infogain.app.controller.StoreController.updateStore(com.infogain.app.dto.StoreDto) throws com.infogain.app.exception.InvalidInputException
2018-12-31 10:45:04.854  INFO 9672 --- [main] s.w.s.m.m.a.RequestMappingHandlerMapping : Mapped "{[/api/store/{id}],methods=[DELETE]}" onto public void com.infogain.app.controller.StoreController.deleteStore(java.lang.Integer)
2018-12-31 10:45:04.856  INFO 9672 --- [main] s.w.s.m.m.a.RequestMappingHandlerMapping : Mapped "{[/api/user],methods=[PUT]}" onto public com.infogain.app.dto.UserDto com.infogain.app.controller.UserController.update(com.infogain.app.dto.UserDto,java.lang.String,java.lang.String) throws com.infogain.app.exception.CustomException
2018-12-31 10:45:04.856  INFO 9672 --- [main] s.w.s.m.m.a.RequestMappingHandlerMapping : Mapped "{[/api/user/{id}],methods=[DELETE]}" onto public java.lang.String com.infogain.app.controller.UserController.delete(java.lang.Integer)
2018-12-31 10:45:04.856  INFO 9672 --- [main] s.w.s.m.m.a.RequestMappingHandlerMapping : Mapped "{[/api/user],methods=[POST]}" onto public com.infogain.app.dto.UserDto com.infogain.app.controller.UserController.insert(com.infogain.app.dto.UserDto) throws com.infogain.app.exception.InvalidInputException,com.infogain.app.exception.CustomException
2018-12-31 10:45:04.856  INFO 9672 --- [main] s.w.s.m.m.a.RequestMappingHandlerMapping : Mapped "{[/api/user],methods=[GET]}" onto public java.util.List<com.infogain.app.dto.UserDto> com.infogain.app.controller.UserController.getAll()
2018-12-31 10:45:04.857  INFO 9672 --- [main] s.w.s.m.m.a.RequestMappingHandlerMapping : Mapped "{[/api/userActive/{id}],methods=[GET]}" onto public java.lang.String com.infogain.app.controller.UserController.activeUser(java.lang.Integer)
2018-12-31 10:45:04.857  INFO 9672 --- [main] s.w.s.m.m.a.RequestMappingHandlerMapping : Mapped "{[/api/user/{id}],methods=[GET]}" onto public com.infogain.app.dto.UserDto com.infogain.app.controller.UserController.getById(java.lang.Integer,java.lang.String,java.lang.String) throws com.infogain.app.exception.CustomException
2018-12-31 10:45:04.859  INFO 9672 --- [main] s.w.s.m.m.a.RequestMappingHandlerMapping : Mapped "{[/error]}" onto public org.springframework.http.ResponseEntity<java.util.Map<java.lang.String, java.lang.Object>> org.springframework.boot.autoconfigure.web.servlet.error.BasicErrorController.error(javax.servlet.http.HttpServletRequest)
2018-12-31 10:45:04.860  INFO 9672 --- [main] s.w.s.m.m.a.RequestMappingHandlerMapping : Mapped "{[/error],produces=[text/html]}" onto public org.springframework.web.servlet.ModelAndView org.springframework.boot.autoconfigure.web.servlet.error.BasicErrorController.errorHtml(javax.servlet.http.HttpServletRequest,javax.servlet.http.HttpServletResponse)
2018-12-31 10:45:04.892  INFO 9672 --- [main] o.s.w.s.handler.SimpleUrlHandlerMapping  : Mapped URL path [/webjars/**] onto handler of type [class org.springframework.web.servlet.resource.ResourceHttpRequestHandler]
2018-12-31 10:45:04.892  INFO 9672 --- [main] o.s.w.s.handler.SimpleUrlHandlerMapping  : Mapped URL path [/**] onto handler of type [class org.springframework.web.servlet.resource.ResourceHttpRequestHandler]
2018-12-31 10:45:04.913  INFO 9672 --- [main] .m.m.a.ExceptionHandlerExceptionResolver : Detected @ExceptionHandler methods in globalControllerExceptionHandler
2018-12-31 10:45:05.241  INFO 9672 --- [main] o.s.j.e.a.AnnotationMBeanExporter        : Registering beans for JMX exposure on startup
2018-12-31 10:45:05.246  INFO 9672 --- [main] o.s.j.e.a.AnnotationMBeanExporter        : Bean with name 'dataSource' has been autodetected for JMX exposure
2018-12-31 10:45:05.252  INFO 9672 --- [main] o.s.j.e.a.AnnotationMBeanExporter        : Located MBean 'dataSource': registering with JMX server as MBean [com.zaxxer.hikari:name=dataSource,type=HikariDataSource]
2018-12-31 10:45:05.272 ERROR 9672 --- [main] o.apache.catalina.core.StandardService   : Failed to start connector [Connector[HTTP/1.1-8083]]

org.apache.catalina.LifecycleException: Failed to start component [Connector[HTTP/1.1-8083]]
	at org.apache.catalina.util.LifecycleBase.start(LifecycleBase.java:167) ~[tomcat-embed-core-8.5.34.jar:8.5.34]
	at org.apache.catalina.core.StandardService.addConnector(StandardService.java:225) ~[tomcat-embed-core-8.5.34.jar:8.5.34]
	at org.springframework.boot.web.embedded.tomcat.TomcatWebServer.addPreviouslyRemovedConnectors(TomcatWebServer.java:261) [spring-boot-2.0.6.RELEASE.jar:2.0.6.RELEASE]
	at org.springframework.boot.web.embedded.tomcat.TomcatWebServer.start(TomcatWebServer.java:198) [spring-boot-2.0.6.RELEASE.jar:2.0.6.RELEASE]
	at org.springframework.boot.web.servlet.context.ServletWebServerApplicationContext.startWebServer(ServletWebServerApplicationContext.java:300) [spring-boot-2.0.6.RELEASE.jar:2.0.6.RELEASE]
	at org.springframework.boot.web.servlet.context.ServletWebServerApplicationContext.finishRefresh(ServletWebServerApplicationContext.java:162) [spring-boot-2.0.6.RELEASE.jar:2.0.6.RELEASE]
	at org.springframework.context.support.AbstractApplicationContext.refresh(AbstractApplicationContext.java:551) [spring-context-5.0.10.RELEASE.jar:5.0.10.RELEASE]
	at org.springframework.boot.web.servlet.context.ServletWebServerApplicationContext.refresh(ServletWebServerApplicationContext.java:140) [spring-boot-2.0.6.RELEASE.jar:2.0.6.RELEASE]
	at org.springframework.boot.SpringApplication.refresh(SpringApplication.java:754) [spring-boot-2.0.6.RELEASE.jar:2.0.6.RELEASE]
	at org.springframework.boot.SpringApplication.refreshContext(SpringApplication.java:386) [spring-boot-2.0.6.RELEASE.jar:2.0.6.RELEASE]
	at org.springframework.boot.SpringApplication.run(SpringApplication.java:307) [spring-boot-2.0.6.RELEASE.jar:2.0.6.RELEASE]
	at org.springframework.boot.SpringApplication.run(SpringApplication.java:1242) [spring-boot-2.0.6.RELEASE.jar:2.0.6.RELEASE]
	at org.springframework.boot.SpringApplication.run(SpringApplication.java:1230) [spring-boot-2.0.6.RELEASE.jar:2.0.6.RELEASE]
	at com.infogain.app.ECommerceApplication.main(ECommerceApplication.java:10) [classes/:na]
Caused by: org.apache.catalina.LifecycleException: Protocol handler start failed
	at org.apache.catalina.connector.Connector.startInternal(Connector.java:1020) ~[tomcat-embed-core-8.5.34.jar:8.5.34]
	at org.apache.catalina.util.LifecycleBase.start(LifecycleBase.java:150) ~[tomcat-embed-core-8.5.34.jar:8.5.34]
	... 13 common frames omitted
Caused by: java.net.BindException: Address already in use: bind
	at sun.nio.ch.Net.bind0(Native Method) ~[na:1.8.0_121]
	at sun.nio.ch.Net.bind(Net.java:433) ~[na:1.8.0_121]
	at sun.nio.ch.Net.bind(Net.java:425) ~[na:1.8.0_121]
	at sun.nio.ch.ServerSocketChannelImpl.bind(ServerSocketChannelImpl.java:223) ~[na:1.8.0_121]
	at sun.nio.ch.ServerSocketAdaptor.bind(ServerSocketAdaptor.java:74) ~[na:1.8.0_121]
	at org.apache.tomcat.util.net.NioEndpoint.bind(NioEndpoint.java:219) ~[tomcat-embed-core-8.5.34.jar:8.5.34]
	at org.apache.tomcat.util.net.AbstractEndpoint.start(AbstractEndpoint.java:1151) ~[tomcat-embed-core-8.5.34.jar:8.5.34]
	at org.apache.coyote.AbstractProtocol.start(AbstractProtocol.java:591) ~[tomcat-embed-core-8.5.34.jar:8.5.34]
	at org.apache.catalina.connector.Connector.startInternal(Connector.java:1018) ~[tomcat-embed-core-8.5.34.jar:8.5.34]
	... 14 common frames omitted

2018-12-31 10:45:05.276  INFO 9672 --- [main] o.apache.catalina.core.StandardService   : Stopping service [Tomcat]
2018-12-31 10:45:05.286  INFO 9672 --- [main] ConditionEvaluationReportLoggingListener : 

Error starting ApplicationContext. To display the conditions report re-run your application with 'debug' enabled.
2018-12-31 10:45:05.288 ERROR 9672 --- [main] o.s.b.d.LoggingFailureAnalysisReporter   : 

***************************
APPLICATION FAILED TO START
***************************

Description:

The Tomcat connector configured to listen on port 8083 failed to start. The port may already be in use or the connector may be misconfigured.

Action:

Verify the connector's configuration, identify and stop any process that's listening on port 8083, or configure this application to listen on another port.

2018-12-31 10:45:05.289  INFO 9672 --- [main] ConfigServletWebServerApplicationContext : Closing org.springframework.boot.web.servlet.context.AnnotationConfigServletWebServerApplicationContext@1ddf84b8: startup date [Mon Dec 31 10:45:00 IST 2018]; root of context hierarchy
2018-12-31 10:45:05.291  INFO 9672 --- [main] o.s.j.e.a.AnnotationMBeanExporter        : Unregistering JMX-exposed beans on shutdown
2018-12-31 10:45:05.291  INFO 9672 --- [main] o.s.j.e.a.AnnotationMBeanExporter        : Unregistering JMX-exposed beans
2018-12-31 10:45:05.293  INFO 9672 --- [main] j.LocalContainerEntityManagerFactoryBean : Closing JPA EntityManagerFactory for persistence unit 'default'
2018-12-31 10:45:05.294  INFO 9672 --- [main] com.zaxxer.hikari.HikariDataSource       : HikariPool-1 - Shutdown initiated...
2018-12-31 10:45:05.297  INFO 9672 --- [main] com.zaxxer.hikari.HikariDataSource       : HikariPool-1 - Shutdown completed.
2018-12-31 10:45:24.478  INFO 9436 --- [RMI TCP Connection(2)-172.18.73.24] inMXBeanRegistrar$SpringApplicationAdmin : Application shutdown requested.
2018-12-31 10:45:24.478  INFO 9436 --- [RMI TCP Connection(2)-172.18.73.24] ConfigServletWebServerApplicationContext : Closing org.springframework.boot.web.servlet.context.AnnotationConfigServletWebServerApplicationContext@7e0b85f9: startup date [Mon Dec 31 10:39:44 IST 2018]; root of context hierarchy
2018-12-31 10:45:24.480  INFO 9436 --- [RMI TCP Connection(2)-172.18.73.24] o.s.j.e.a.AnnotationMBeanExporter        : Unregistering JMX-exposed beans on shutdown
2018-12-31 10:45:24.481  INFO 9436 --- [RMI TCP Connection(2)-172.18.73.24] o.s.j.e.a.AnnotationMBeanExporter        : Unregistering JMX-exposed beans
2018-12-31 10:45:24.483  INFO 9436 --- [RMI TCP Connection(2)-172.18.73.24] j.LocalContainerEntityManagerFactoryBean : Closing JPA EntityManagerFactory for persistence unit 'default'
2018-12-31 10:45:24.484  INFO 9436 --- [RMI TCP Connection(2)-172.18.73.24] com.zaxxer.hikari.HikariDataSource       : HikariPool-1 - Shutdown initiated...
2018-12-31 10:45:24.487  INFO 9436 --- [RMI TCP Connection(2)-172.18.73.24] com.zaxxer.hikari.HikariDataSource       : HikariPool-1 - Shutdown completed.
2018-12-31 10:45:28.171  INFO 6136 --- [main] com.infogain.app.ECommerceApplication    : Starting ECommerceApplication on HarshitSingh with PID 6136 (D:\workspae\E-Commerce\target\classes started by Harshit.Singh in D:\workspae\E-Commerce)
2018-12-31 10:45:28.175  INFO 6136 --- [main] com.infogain.app.ECommerceApplication    : No active profile set, falling back to default profiles: default
2018-12-31 10:45:28.212  INFO 6136 --- [main] ConfigServletWebServerApplicationContext : Refreshing org.springframework.boot.web.servlet.context.AnnotationConfigServletWebServerApplicationContext@635eaaf1: startup date [Mon Dec 31 10:45:28 IST 2018]; root of context hierarchy
2018-12-31 10:45:29.403  INFO 6136 --- [main] trationDelegate$BeanPostProcessorChecker : Bean 'org.springframework.transaction.annotation.ProxyTransactionManagementConfiguration' of type [org.springframework.transaction.annotation.ProxyTransactionManagementConfiguration$$EnhancerBySpringCGLIB$$b1ea2c39] is not eligible for getting processed by all BeanPostProcessors (for example: not eligible for auto-proxying)
2018-12-31 10:45:29.790  INFO 6136 --- [main] o.s.b.w.embedded.tomcat.TomcatWebServer  : Tomcat initialized with port(s): 8083 (http)
2018-12-31 10:45:29.819  INFO 6136 --- [main] o.apache.catalina.core.StandardService   : Starting service [Tomcat]
2018-12-31 10:45:29.819  INFO 6136 --- [main] org.apache.catalina.core.StandardEngine  : Starting Servlet Engine: Apache Tomcat/8.5.34
2018-12-31 10:45:29.829  INFO 6136 --- [localhost-startStop-1] o.a.catalina.core.AprLifecycleListener   : The APR based Apache Tomcat Native library which allows optimal performance in production environments was not found on the java.library.path: [C:\Program Files\Java\jdk1.8.0_121\bin;C:\Windows\Sun\Java\bin;C:\Windows\system32;C:\Windows;C:/Program Files/Java/jdk1.8.0_121/bin/../jre/bin/server;C:/Program Files/Java/jdk1.8.0_121/bin/../jre/bin;C:/Program Files/Java/jdk1.8.0_121/bin/../jre/lib/amd64;C:\Users\harshit.singh\AppData\Roaming\npm;C:\Users\harshit.singh\AppData\Roaming\npm-cache;C:\Users\harshit.singh\AppData\Roaming\npm\node_modules\@angular\cli\bin;C:\Program Files\Common Files\Microsoft Shared\Windows Live;C:\Program Files (x86)\Common Files\Microsoft Shared\Windows Live;D:\app\app\oracle\product\10.2.0\server\bin;C:\Program Files (x86)\Intel\iCLS Client\;C:\Program Files\Intel\iCLS Client\;C:\Windows\system32;C:\Windows;C:\Windows\System32\Wbem;C:\Windows\System32\WindowsPowerShell\v1.0\;C:\Program Files\Intel\Intel(R) Management Engine Components\DAL;C:\Program Files (x86)\Intel\Intel(R) Management Engine Components\DAL;C:\Program Files\Intel\Intel(R) Management Engine Components\IPT;C:\Program Files (x86)\Intel\Intel(R) Management Engine Components\IPT;C:\Program Files\TortoiseSVN\bin;C:\Program Files (x86)\Skype\Phone\;C:\Program Files\Java\jdk1.8.0_121\bin;C:\Program Files (x86)\Microsoft SQL Server\100\Tools\Binn\;C:\Program Files (x86)\Microsoft SQL Server\100\DTS\Binn\;C:\Program Files (x86)\Microsoft SQL Server\100\Tools\Binn\VSShell\Common7\IDE\;C:\Program Files (x86)\Microsoft Visual Studio 9.0\Common7\IDE\PrivateAssemblies\;C:\Program Files (x86)\Windows Live\Shared;C:\Program Files\Microsoft\Web Platform Installer\;C:\Program Files (x86)\Microsoft ASP.NET\ASP.NET Web Pages\v1.0\;C:\Program Files\Microsoft SQL Server\110\Tools\Binn\;C:\Windows\system32\config\systemprofile\.dnx\bin;C:\Program Files\Microsoft DNX\Dnvm\;C:\Program Files\Microsoft SQL Server\130\Tools\Binn\;c:\Program Files (x86)\ATI Technologies\ATI.ACE\Core-Static;C:\Program Files\Git\cmd;D:\Softwraes\Apache Software Foundation\Maven-3.3.9\bin;C:\Program Files\nodejs\;C:\Users\harshit.singh\sts-bundle\sts-3.8.3.RELEASE;;.]
2018-12-31 10:45:30.094  INFO 6136 --- [localhost-startStop-1] o.a.c.c.C.[Tomcat].[localhost].[/]       : Initializing Spring embedded WebApplicationContext
2018-12-31 10:45:30.094  INFO 6136 --- [localhost-startStop-1] o.s.web.context.ContextLoader            : Root WebApplicationContext: initialization completed in 1882 ms
2018-12-31 10:45:30.146  INFO 6136 --- [localhost-startStop-1] o.s.b.w.servlet.ServletRegistrationBean  : Servlet dispatcherServlet mapped to [/]
2018-12-31 10:45:30.149  INFO 6136 --- [localhost-startStop-1] o.s.b.w.servlet.FilterRegistrationBean   : Mapping filter: 'characterEncodingFilter' to: [/*]
2018-12-31 10:45:30.150  INFO 6136 --- [localhost-startStop-1] o.s.b.w.servlet.FilterRegistrationBean   : Mapping filter: 'hiddenHttpMethodFilter' to: [/*]
2018-12-31 10:45:30.150  INFO 6136 --- [localhost-startStop-1] o.s.b.w.servlet.FilterRegistrationBean   : Mapping filter: 'httpPutFormContentFilter' to: [/*]
2018-12-31 10:45:30.150  INFO 6136 --- [localhost-startStop-1] o.s.b.w.servlet.FilterRegistrationBean   : Mapping filter: 'requestContextFilter' to: [/*]
2018-12-31 10:45:30.309  INFO 6136 --- [main] com.zaxxer.hikari.HikariDataSource       : HikariPool-1 - Starting...
2018-12-31 10:45:30.509  INFO 6136 --- [main] com.zaxxer.hikari.HikariDataSource       : HikariPool-1 - Start completed.
2018-12-31 10:45:30.547  INFO 6136 --- [main] j.LocalContainerEntityManagerFactoryBean : Building JPA container EntityManagerFactory for persistence unit 'default'
2018-12-31 10:45:30.564  INFO 6136 --- [main] o.hibernate.jpa.internal.util.LogHelper  : HHH000204: Processing PersistenceUnitInfo [
	name: default
	...]
2018-12-31 10:45:30.648  INFO 6136 --- [main] org.hibernate.Version                    : HHH000412: Hibernate Core {5.2.17.Final}
2018-12-31 10:45:30.649  INFO 6136 --- [main] org.hibernate.cfg.Environment            : HHH000206: hibernate.properties not found
2018-12-31 10:45:30.691  INFO 6136 --- [main] o.hibernate.annotations.common.Version   : HCANN000001: Hibernate Commons Annotations {5.0.1.Final}
2018-12-31 10:45:30.827  INFO 6136 --- [main] org.hibernate.dialect.Dialect            : HHH000400: Using dialect: org.hibernate.dialect.MySQL5Dialect
2018-12-31 10:45:31.968  INFO 6136 --- [main] j.LocalContainerEntityManagerFactoryBean : Initialized JPA EntityManagerFactory for persistence unit 'default'
2018-12-31 10:45:32.625  INFO 6136 --- [main] o.s.w.s.handler.SimpleUrlHandlerMapping  : Mapped URL path [/**/favicon.ico] onto handler of type [class org.springframework.web.servlet.resource.ResourceHttpRequestHandler]
2018-12-31 10:45:32.947  INFO 6136 --- [main] s.w.s.m.m.a.RequestMappingHandlerAdapter : Looking for @ControllerAdvice: org.springframework.boot.web.servlet.context.AnnotationConfigServletWebServerApplicationContext@635eaaf1: startup date [Mon Dec 31 10:45:28 IST 2018]; root of context hierarchy
2018-12-31 10:45:33.012  WARN 6136 --- [main] aWebConfiguration$JpaWebMvcConfiguration : spring.jpa.open-in-view is enabled by default. Therefore, database queries may be performed during view rendering. Explicitly configure spring.jpa.open-in-view to disable this warning
2018-12-31 10:45:33.085  INFO 6136 --- [main] s.w.s.m.m.a.RequestMappingHandlerMapping : Mapped "{[/api/brand],methods=[PUT]}" onto public com.infogain.app.dto.BrandDto com.infogain.app.controller.BrandController.update(com.infogain.app.dto.BrandDto) throws com.infogain.app.exception.InvalidInputException
2018-12-31 10:45:33.090  INFO 6136 --- [main] s.w.s.m.m.a.RequestMappingHandlerMapping : Mapped "{[/api/brand/{id}],methods=[DELETE]}" onto public void com.infogain.app.controller.BrandController.delete(java.lang.Integer)
2018-12-31 10:45:33.091  INFO 6136 --- [main] s.w.s.m.m.a.RequestMappingHandlerMapping : Mapped "{[/api/brand],methods=[POST]}" onto public com.infogain.app.dto.BrandDto com.infogain.app.controller.BrandController.insert(com.infogain.app.dto.BrandDto) throws com.infogain.app.exception.InvalidInputException
2018-12-31 10:45:33.101  INFO 6136 --- [main] s.w.s.m.m.a.RequestMappingHandlerMapping : Mapped "{[/api/brand],methods=[GET]}" onto public java.util.List<com.infogain.app.dto.BrandDto> com.infogain.app.controller.BrandController.displayAll(com.infogain.app.dto.BrandDto)
2018-12-31 10:45:33.102  INFO 6136 --- [main] s.w.s.m.m.a.RequestMappingHandlerMapping : Mapped "{[/api/brand/{id}],methods=[GET]}" onto public com.infogain.app.dto.BrandDto com.infogain.app.controller.BrandController.displayById(java.lang.Integer)
2018-12-31 10:45:33.105  INFO 6136 --- [main] s.w.s.m.m.a.RequestMappingHandlerMapping : Mapped "{[/api/category],methods=[POST]}" onto public com.infogain.app.dto.CategoryDto com.infogain.app.controller.CategoryController.insert(com.infogain.app.dto.CategoryDto) throws com.infogain.app.exception.InvalidInputException
2018-12-31 10:45:33.105  INFO 6136 --- [main] s.w.s.m.m.a.RequestMappingHandlerMapping : Mapped "{[/api/category],methods=[GET]}" onto public java.util.List<com.infogain.app.dto.CategoryDto> com.infogain.app.controller.CategoryController.displayAll(com.infogain.app.dto.CategoryDto)
2018-12-31 10:45:33.105  INFO 6136 --- [main] s.w.s.m.m.a.RequestMappingHandlerMapping : Mapped "{[/api/category/{id}],methods=[GET]}" onto public com.infogain.app.dto.CategoryDto com.infogain.app.controller.CategoryController.displayById(java.lang.Integer)
2018-12-31 10:45:33.105  INFO 6136 --- [main] s.w.s.m.m.a.RequestMappingHandlerMapping : Mapped "{[/api/category],methods=[PUT]}" onto public com.infogain.app.dto.CategoryDto com.infogain.app.controller.CategoryController.updateCategory(com.infogain.app.dto.CategoryDto) throws com.infogain.app.exception.InvalidInputException
2018-12-31 10:45:33.105  INFO 6136 --- [main] s.w.s.m.m.a.RequestMappingHandlerMapping : Mapped "{[/api/category/{id}],methods=[DELETE]}" onto public void com.infogain.app.controller.CategoryController.deleteCategory(java.lang.Integer)
2018-12-31 10:45:33.112  INFO 6136 --- [main] s.w.s.m.m.a.RequestMappingHandlerMapping : Mapped "{[/api/product],methods=[PUT]}" onto public com.infogain.app.dto.ProductDto com.infogain.app.controller.ProductController.update(com.infogain.app.dto.ProductDto) throws com.infogain.app.exception.InvalidInputException
2018-12-31 10:45:33.113  INFO 6136 --- [main] s.w.s.m.m.a.RequestMappingHandlerMapping : Mapped "{[/api/product/{id}],methods=[DELETE]}" onto public void com.infogain.app.controller.ProductController.delete(java.lang.Integer)
2018-12-31 10:45:33.114  INFO 6136 --- [main] s.w.s.m.m.a.RequestMappingHandlerMapping : Mapped "{[/api/product],methods=[POST]}" onto public com.infogain.app.dto.ProductDto com.infogain.app.controller.ProductController.insert(com.infogain.app.dto.ProductDto) throws com.infogain.app.exception.InvalidInputException
2018-12-31 10:45:33.114  INFO 6136 --- [main] s.w.s.m.m.a.RequestMappingHandlerMapping : Mapped "{[/api/product],methods=[GET]}" onto public java.util.List<com.infogain.app.dto.ProductDto> com.infogain.app.controller.ProductController.displayAll(com.infogain.app.dto.ProductDto)
2018-12-31 10:45:33.114  INFO 6136 --- [main] s.w.s.m.m.a.RequestMappingHandlerMapping : Mapped "{[/api/product/{id}],methods=[GET]}" onto public com.infogain.app.dto.ProductDto com.infogain.app.controller.ProductController.displayById(java.lang.Integer)
2018-12-31 10:45:33.118  INFO 6136 --- [main] s.w.s.m.m.a.RequestMappingHandlerMapping : Mapped "{[/api/store],methods=[POST]}" onto public com.infogain.app.dto.StoreDto com.infogain.app.controller.StoreController.insertStore(com.infogain.app.dto.StoreDto) throws com.infogain.app.exception.InvalidInputException,com.infogain.app.exception.CustomException
2018-12-31 10:45:33.119  INFO 6136 --- [main] s.w.s.m.m.a.RequestMappingHandlerMapping : Mapped "{[/api/store],methods=[GET]}" onto public java.util.List<com.infogain.app.dto.StoreDto> com.infogain.app.controller.StoreController.displayAllStores(com.infogain.app.dto.StoreDto)
2018-12-31 10:45:33.119  INFO 6136 --- [main] s.w.s.m.m.a.RequestMappingHandlerMapping : Mapped "{[/api/store/{id}],methods=[GET]}" onto public com.infogain.app.dto.StoreDto com.infogain.app.controller.StoreController.displayStoreById(java.lang.Integer)
2018-12-31 10:45:33.119  INFO 6136 --- [main] s.w.s.m.m.a.RequestMappingHandlerMapping : Mapped "{[/api/store],methods=[PUT]}" onto public com.infogain.app.dto.StoreDto com.infogain.app.controller.StoreController.updateStore(com.infogain.app.dto.StoreDto) throws com.infogain.app.exception.InvalidInputException
2018-12-31 10:45:33.119  INFO 6136 --- [main] s.w.s.m.m.a.RequestMappingHandlerMapping : Mapped "{[/api/store/{id}],methods=[DELETE]}" onto public void com.infogain.app.controller.StoreController.deleteStore(java.lang.Integer)
2018-12-31 10:45:33.121  INFO 6136 --- [main] s.w.s.m.m.a.RequestMappingHandlerMapping : Mapped "{[/api/user],methods=[PUT]}" onto public com.infogain.app.dto.UserDto com.infogain.app.controller.UserController.update(com.infogain.app.dto.UserDto,java.lang.String,java.lang.String) throws com.infogain.app.exception.CustomException
2018-12-31 10:45:33.123  INFO 6136 --- [main] s.w.s.m.m.a.RequestMappingHandlerMapping : Mapped "{[/api/user/{id}],methods=[DELETE]}" onto public java.lang.String com.infogain.app.controller.UserController.delete(java.lang.Integer)
2018-12-31 10:45:33.124  INFO 6136 --- [main] s.w.s.m.m.a.RequestMappingHandlerMapping : Mapped "{[/api/user],methods=[POST]}" onto public com.infogain.app.dto.UserDto com.infogain.app.controller.UserController.insert(com.infogain.app.dto.UserDto) throws com.infogain.app.exception.InvalidInputException,com.infogain.app.exception.CustomException
2018-12-31 10:45:33.124  INFO 6136 --- [main] s.w.s.m.m.a.RequestMappingHandlerMapping : Mapped "{[/api/user],methods=[GET]}" onto public java.util.List<com.infogain.app.dto.UserDto> com.infogain.app.controller.UserController.getAll()
2018-12-31 10:45:33.124  INFO 6136 --- [main] s.w.s.m.m.a.RequestMappingHandlerMapping : Mapped "{[/api/userActive/{id}],methods=[GET]}" onto public java.lang.String com.infogain.app.controller.UserController.activeUser(java.lang.Integer)
2018-12-31 10:45:33.124  INFO 6136 --- [main] s.w.s.m.m.a.RequestMappingHandlerMapping : Mapped "{[/api/user/{id}],methods=[GET]}" onto public com.infogain.app.dto.UserDto com.infogain.app.controller.UserController.getById(java.lang.Integer,java.lang.String,java.lang.String) throws com.infogain.app.exception.CustomException
2018-12-31 10:45:33.129  INFO 6136 --- [main] s.w.s.m.m.a.RequestMappingHandlerMapping : Mapped "{[/error]}" onto public org.springframework.http.ResponseEntity<java.util.Map<java.lang.String, java.lang.Object>> org.springframework.boot.autoconfigure.web.servlet.error.BasicErrorController.error(javax.servlet.http.HttpServletRequest)
2018-12-31 10:45:33.131  INFO 6136 --- [main] s.w.s.m.m.a.RequestMappingHandlerMapping : Mapped "{[/error],produces=[text/html]}" onto public org.springframework.web.servlet.ModelAndView org.springframework.boot.autoconfigure.web.servlet.error.BasicErrorController.errorHtml(javax.servlet.http.HttpServletRequest,javax.servlet.http.HttpServletResponse)
2018-12-31 10:45:33.163  INFO 6136 --- [main] o.s.w.s.handler.SimpleUrlHandlerMapping  : Mapped URL path [/webjars/**] onto handler of type [class org.springframework.web.servlet.resource.ResourceHttpRequestHandler]
2018-12-31 10:45:33.164  INFO 6136 --- [main] o.s.w.s.handler.SimpleUrlHandlerMapping  : Mapped URL path [/**] onto handler of type [class org.springframework.web.servlet.resource.ResourceHttpRequestHandler]
2018-12-31 10:45:33.180  INFO 6136 --- [main] .m.m.a.ExceptionHandlerExceptionResolver : Detected @ExceptionHandler methods in globalControllerExceptionHandler
2018-12-31 10:45:33.456  INFO 6136 --- [main] o.s.j.e.a.AnnotationMBeanExporter        : Registering beans for JMX exposure on startup
2018-12-31 10:45:33.458  INFO 6136 --- [main] o.s.j.e.a.AnnotationMBeanExporter        : Bean with name 'dataSource' has been autodetected for JMX exposure
2018-12-31 10:45:33.463  INFO 6136 --- [main] o.s.j.e.a.AnnotationMBeanExporter        : Located MBean 'dataSource': registering with JMX server as MBean [com.zaxxer.hikari:name=dataSource,type=HikariDataSource]
2018-12-31 10:45:33.502  INFO 6136 --- [main] o.s.b.w.embedded.tomcat.TomcatWebServer  : Tomcat started on port(s): 8083 (http) with context path ''
2018-12-31 10:45:33.506  INFO 6136 --- [main] com.infogain.app.ECommerceApplication    : Started ECommerceApplication in 5.647 seconds (JVM running for 6.212)
2018-12-31 10:46:45.714  INFO 6136 --- [http-nio-8083-exec-4] o.a.c.c.C.[Tomcat].[localhost].[/]       : Initializing Spring FrameworkServlet 'dispatcherServlet'
2018-12-31 10:46:45.715  INFO 6136 --- [http-nio-8083-exec-4] o.s.web.servlet.DispatcherServlet        : FrameworkServlet 'dispatcherServlet': initialization started
2018-12-31 10:46:45.734  INFO 6136 --- [http-nio-8083-exec-4] o.s.web.servlet.DispatcherServlet        : FrameworkServlet 'dispatcherServlet': initialization completed in 19 ms
2018-12-31 10:46:45.793  INFO 6136 --- [http-nio-8083-exec-4] o.h.h.i.QueryTranslatorFactoryInitiator  : HHH000397: Using ASTQueryTranslatorFactory
2018-12-31 10:46:53.651  WARN 6136 --- [http-nio-8083-exec-3] .m.m.a.ExceptionHandlerExceptionResolver : Resolved [com.infogain.app.exception.InvalidInputException: you are not allowed to enter id, password and status]
2018-12-31 10:47:15.140  WARN 6136 --- [http-nio-8083-exec-8] .m.m.a.ExceptionHandlerExceptionResolver : Resolved [com.infogain.app.exception.InvalidInputException: contact number and email id must be unique]
